ARRedecorationUnity/build/outputs/logs/manifest-merger-release-report.txt
-- Merging decision tree log ---
manifest
ADDED from src/main/AndroidManifest.xml:2:1-25:12
INJECTED from src/main/AndroidManifest.xml:2:1-25:12
INJECTED from src/main/AndroidManifest.xml:2:1-25:12
INJECTED from src/main/AndroidManifest.xml:2:1-25:12
INJECTED from src/main/AndroidManifest.xml:2:1-25:12
INJECTED from src/main/AndroidManifest.xml:2:1-25:12
INJECTED from src/main/AndroidManifest.xml:2:1-25:12
	package
		ADDED from src/main/AndroidManifest.xml:2:70-98
		INJECTED from src/main/AndroidManifest.xml
		INJECTED from src/main/AndroidManifest.xml
	android:versionName
		INJECTED from src/main/AndroidManifest.xml
		ADDED from src/main/AndroidManifest.xml:2:1-25:12
		INJECTED from src/main/AndroidManifest.xml
	xmlns:tools
		ADDED from src/main/AndroidManifest.xml:2:99-145
	android:versionCode
		INJECTED from src/main/AndroidManifest.xml
		ADDED from src/main/AndroidManifest.xml:2:1-25:12
		INJECTED from src/main/AndroidManifest.xml
	xmlns:android
		ADDED from src/main/AndroidManifest.xml:2:11-69
	android:installLocation
		ADDED from src/main/AndroidManifest.xml:2:146-186
supports-screens
ADDED from src/main/AndroidManifest.xml:3:3-163
	android:largeScreens
		ADDED from src/main/AndroidManifest.xml:3:78-105
	android:smallScreens
		ADDED from src/main/AndroidManifest.xml:3:21-48
	android:normalScreens
		ADDED from src/main/AndroidManifest.xml:3:49-77
	android:xlargeScreens
		ADDED from src/main/AndroidManifest.xml:3:106-134
	android:anyDensity
		ADDED from src/main/AndroidManifest.xml:3:135-160
application
ADDED from src/main/AndroidManifest.xml:4:3-15:17
	android:label
		ADDED from src/main/AndroidManifest.xml:4:92-124
	android:icon
		ADDED from src/main/AndroidManifest.xml:4:58-91
	android:banner
		ADDED from src/main/AndroidManifest.xml:4:147-184
	android:theme
		ADDED from src/main/AndroidManifest.xml:4:16-57
	android:isGame
		ADDED from src/main/AndroidManifest.xml:4:125-146
activity#com.larryliang.arredecorationunity.UnityPlayerActivity
ADDED from src/main/AndroidManifest.xml:5:5-11:16
	android:screenOrientation
		ADDED from src/main/AndroidManifest.xml:5:48-85
	android:process
		ADDED from src/main/AndroidManifest.xml:5:336-366
	android:label
		ADDED from src/main/AndroidManifest.xml:5:15-47
	android:launchMode
		ADDED from src/main/AndroidManifest.xml:5:86-117
	android:hardwareAccelerated
		ADDED from src/main/AndroidManifest.xml:5:300-335
	android:configChanges
		ADDED from src/main/AndroidManifest.xml:5:118-299
	android:name
		ADDED from src/main/AndroidManifest.xml:5:367-436
intent-filter#action:name:android.intent.action.MAIN+category:name:android.intent.category.LAUNCHER
ADDED from src/main/AndroidManifest.xml:6:7-9:23
action#android.intent.action.MAIN
ADDED from src/main/AndroidManifest.xml:7:9-61
	android:name
		ADDED from src/main/AndroidManifest.xml:7:17-58
category#android.intent.category.LAUNCHER
ADDED from src/main/AndroidManifest.xml:8:9-69
	android:name
		ADDED from src/main/AndroidManifest.xml:8:19-66
meta-data#unityplayer.UnityActivity
ADDED from src/main/AndroidManifest.xml:10:7-82
	android:value
		ADDED from src/main/AndroidManifest.xml:10:59-79
	android:name
		ADDED from src/main/AndroidManifest.xml:10:18-58
meta-data#unity.build-id
ADDED from src/main/AndroidManifest.xml:12:5-101
	android:value
		ADDED from src/main/AndroidManifest.xml:12:46-98
	android:name
		ADDED from src/main/AndroidManifest.xml:12:16-45
meta-data#unity.splash-mode
ADDED from src/main/AndroidManifest.xml:13:5-69
	android:value
		ADDED from src/main/AndroidManifest.xml:13:49-66
	android:name
		ADDED from src/main/AndroidManifest.xml:13:16-48
meta-data#unity.splash-enable
ADDED from src/main/AndroidManifest.xml:14:5-74
	android:value
		ADDED from src/main/AndroidManifest.xml:14:51-71
	android:name
		ADDED from src/main/AndroidManifest.xml:14:16-50
uses-feature#0x00020000
ADDED from src/main/AndroidManifest.xml:16:3-52
	android:glEsVersion
		ADDED from src/main/AndroidManifest.xml:16:17-49
uses-permission#android.permission.INTERNET
ADDED from src/main/AndroidManifest.xml:17:3-65
	android:name
		ADDED from src/main/AndroidManifest.xml:17:20-62
uses-permission#android.permission.CAMERA
ADDED from src/main/AndroidManifest.xml:18:3-63
	android:name
		ADDED from src/main/AndroidManifest.xml:18:20-60
uses-feature#android.hardware.camera
ADDED from src/main/AndroidManifest.xml:19:3-83
	android:required
		ADDED from src/main/AndroidManifest.xml:19:56-80
	android:name
		ADDED from src/main/AndroidManifest.xml:19:17-55
uses-feature#android.hardware.camera.autofocus
ADDED from src/main/AndroidManifest.xml:20:3-93
	android:required
		ADDED from src/main/AndroidManifest.xml:20:66-90
	android:name
		ADDED from src/main/AndroidManifest.xml:20:17-65
uses-feature#android.hardware.camera.front
ADDED from src/main/AndroidManifest.xml:21:3-89
	android:required
		ADDED from src/main/AndroidManifest.xml:21:62-86
	android:name
		ADDED from src/main/AndroidManifest.xml:21:17-61
uses-feature#android.hardware.touchscreen
ADDED from src/main/AndroidManifest.xml:22:3-88
	android:required
		ADDED from src/main/AndroidManifest.xml:22:61-85
	android:name
		ADDED from src/main/AndroidManifest.xml:22:17-60
uses-feature#android.hardware.touchscreen.multitouch
ADDED from src/main/AndroidManifest.xml:23:3-99
	android:required
		ADDED from src/main/AndroidManifest.xml:23:72-96
	android:name
		ADDED from src/main/AndroidManifest.xml:23:17-71
uses-feature#android.hardware.touchscreen.multitouch.distinct
ADDED from src/main/AndroidManifest.xml:24:3-108
	android:required
		ADDED from src/main/AndroidManifest.xml:24:81-105
	android:name
		ADDED from src/main/AndroidManifest.xml:24:17-80
uses-sdk
INJECTED from src/main/AndroidManifest.xml reason: use-sdk injection requested
INJECTED from src/main/AndroidManifest.xml
INJECTED from src/main/AndroidManifest.xml
INJECTED from src/main/AndroidManifest.xml
INJECTED from src/main/AndroidManifest.xml
	android:targetSdkVersion
		INJECTED from src/main/AndroidManifest.xml
		ADDED from src/main/AndroidManifest.xml
		INJECTED from src/main/AndroidManifest.xml
	android:minSdkVersion
		INJECTED from src/main/AndroidManifest.xml
		ADDED from src/main/AndroidManifest.xml
		INJECTED from src/main/AndroidManifest.xml